<?xml version="1.0" encoding="UTF-8"?>
<!-- Generated by org.testng.reporters.JUnitReportReporter -->
<testsuite hostname="INBGL1WLX49058" failures="0" tests="3" name="org.mytests.MyTests" time="7.725" errors="0" timestamp="2024-08-07T16:19:22 IST" skipped="0">
  <testcase classname="org.mytests.MyTests" name="titleTest" time="0.136"/>
  <testcase classname="org.mytests.MyTests" name="addingItems" time="0.702"/>
  <testcase classname="org.mytests.MyTests" name="loginTest" time="6.887"/>
</testsuite> <!-- org.mytests.MyTests -->
